Determining if the pthread_create exist failed with the following output:
Change Dir: /home/thekatze/CLionProjects/shvrdengine-test/cmake-build-debug/CMakeFiles/CMakeTmp

Run Build Command:"/usr/bin/make" "cmTC_87c9b/fast"
/usr/bin/make -f CMakeFiles/cmTC_87c9b.dir/build.make CMakeFiles/cmTC_87c9b.dir/build
make[1]: Entering directory '/home/thekatze/CLionProjects/shvrdengine-test/cmake-build-debug/CMakeFiles/CMakeTmp'
Building C object CMakeFiles/cmTC_87c9b.dir/CheckSymbolExists.c.o
/usr/bin/cc    -o CMakeFiles/cmTC_87c9b.dir/CheckSymbolExists.c.o   -c /home/thekatze/CLionProjects/shvrdengine-test/cmake-build-debug/CMakeFiles/CMakeTmp/CheckSymbolExists.c
Linking C executable cmTC_87c9b
/opt/JetBrains/apps/CLion/ch-0/181.4445.84/bin/cmake/bin/cmake -E cmake_link_script CMakeFiles/cmTC_87c9b.dir/link.txt --verbose=1
/usr/bin/cc      -rdynamic CMakeFiles/cmTC_87c9b.dir/CheckSymbolExists.c.o  -o cmTC_87c9b 
CMakeFiles/cmTC_87c9b.dir/CheckSymbolExists.c.o: In function `main':
CheckSymbolExists.c:(.text+0x1b): undefined reference to `pthread_create'
collect2: error: ld returned 1 exit status
make[1]: *** [CMakeFiles/cmTC_87c9b.dir/build.make:98: cmTC_87c9b] Error 1
make[1]: Leaving directory '/home/thekatze/CLionProjects/shvrdengine-test/cmake-build-debug/CMakeFiles/CMakeTmp'
make: *** [Makefile:126: cmTC_87c9b/fast] Error 2

File /home/thekatze/CLionProjects/shvrdengine-test/cmake-build-debug/CMakeFiles/CMakeTmp/CheckSymbolExists.c:
/* */
#include <pthread.h>

int main(int argc, char** argv)
{
  (void)argv;
#ifndef pthread_create
  return ((int*)(&pthread_create))[argc];
#else
  (void)argc;
  return 0;
#endif
}

